%Warning-MODDUP: tb_counter.sv:2:8: Duplicate declaration of module: 'tb_counter'
    2 | module tb_counter;
      |        ^~~~~~~~~~
                 /home/jonguk/Projects/CXL_SWITCH/systemc-clang/examples/systemc_to_sv/counter/tb_counter.sv:2:8: ... Location of original declaration
    2 | module tb_counter;
      |        ^~~~~~~~~~
                 ... For warning description see https://verilator.org/warn/MODDUP?v=5.038
                 ... Use "/* verilator lint_off MODDUP */" and lint_on around source to disable this message.
%Warning-MODDUP: TopWrap_sc_module_0.sv:2:11: Duplicate declaration of module: 'top_wrap_sc_module_0_if'
    2 | interface top_wrap_sc_module_0_if;
      |           ^~~~~~~~~~~~~~~~~~~~~~~
                 /home/jonguk/Projects/CXL_SWITCH/systemc-clang/examples/systemc_to_sv/counter/tb_counter.sv:6:1: ... note: In file included from 'tb_counter.sv'
                 /home/jonguk/Projects/CXL_SWITCH/systemc-clang/examples/systemc_to_sv/counter/tb_counter.sv:3:27: ... Location of original declaration
    3 |   top_wrap_sc_module_0_if itf ();
      |                           ^~~
%Warning-DECLFILENAME: TopWrap_sc_module_0.sv:10:11: Filename 'TopWrap_sc_module_0' does not match IFACE name: 'counter_sc_module_1_if'
   10 | interface counter_sc_module_1_if;
      |           ^~~~~~~~~~~~~~~~~~~~~~
                       /home/jonguk/Projects/CXL_SWITCH/systemc-clang/examples/systemc_to_sv/counter/tb_counter.sv:6:1: ... note: In file included from 'tb_counter.sv'
                       ... For warning description see https://verilator.org/warn/DECLFILENAME?v=5.038
                       ... Use "/* verilator lint_off DECLFILENAME */" and lint_on around source to disable this message.
%Error: TopWrap_sc_module_0.sv:19:5: Cannot find file containing interface: 'top_wrap_sc_module_0_if'
   19 |     top_wrap_sc_module_0_if.port0 itf
      |     ^~~~~~~~~~~~~~~~~~~~~~~
        /home/jonguk/Projects/CXL_SWITCH/systemc-clang/examples/systemc_to_sv/counter/tb_counter.sv:6:1: ... note: In file included from 'tb_counter.sv'
        ... See the manual at https://verilator.org/verilator_doc.html?v=5.038 for more assistance.
%Error: Internal Error: TopWrap_sc_module_0.sv:19:5: ../V3LinkDot.cpp:3241: Unlinked interface
   19 |     top_wrap_sc_module_0_if.port0 itf
      |     ^~~~~~~~~~~~~~~~~~~~~~~
                        /home/jonguk/Projects/CXL_SWITCH/systemc-clang/examples/systemc_to_sv/counter/tb_counter.sv:6:1: ... note: In file included from 'tb_counter.sv'
                        ... This fatal error may be caused by the earlier error(s); resolve those first.
